<?xml version="1.0" encoding="UTF-8"?>
<testng-results skipped="0" failed="0" ignored="0" total="2" passed="2">
  <reporter-output>
  </reporter-output>
  <suite name="Suite" duration-ms="135" started-at="2020-05-28T01:55:11 IST" finished-at="2020-05-28T01:55:11 IST">
    <groups>
    </groups>
    <test name="Test" duration-ms="135" started-at="2020-05-28T01:55:11 IST" finished-at="2020-05-28T01:55:11 IST">
      <class name="qaLinkAcademy.MavenJava.SeleniumTest">
        <test-method status="PASS" signature="browserAutomation()[pri:0, instance:qaLinkAcademy.MavenJava.SeleniumTest@183967b]" name="browserAutomation" duration-ms="12" started-at="2020-05-28T01:55:11 IST" finished-at="2020-05-28T01:55:11 IST">
          <reporter-output>
          </reporter-output>
        </test-method> <!-- browserAutomation -->
        <test-method status="PASS" signature="elementsUI()[pri:0, instance:qaLinkAcademy.MavenJava.SeleniumTest@183967b]" name="elementsUI" duration-ms="1" started-at="2020-05-28T01:55:11 IST" finished-at="2020-05-28T01:55:11 IST">
          <reporter-output>
          </reporter-output>
        </test-method> <!-- elementsUI -->
      </class> <!-- qaLinkAcademy.MavenJava.SeleniumTest -->
    </test> <!-- Test -->
  </suite> <!-- Suite -->
</testng-results>
