<?xml version="1.0" encoding="UTF-8"?>
<testng-results skipped="0" failed="0" ignored="0" total="11" passed="11">
  <reporter-output>
  </reporter-output>
  <suite name="Suite" duration-ms="183" started-at="2020-05-11T23:36:23 IST" finished-at="2020-05-11T23:36:23 IST">
    <groups>
      <group name="Smoke">
        <method signature="day1.demo()[pri:0, instance:Test.day1@131a74c]" name="demo" class="Test.day1"/>
        <method signature="day2.day2()[pri:0, instance:Test.day2@14523f8]" name="day2" class="Test.day2"/>
        <method signature="day4.LoginAPIHomeLoan()[pri:0, instance:Test.day4@9f73a2]" name="LoginAPIHomeLoan" class="Test.day4"/>
      </group> <!-- Smoke -->
    </groups>
    <test name="Car Loan" duration-ms="183" started-at="2020-05-11T23:36:23 IST" finished-at="2020-05-11T23:36:23 IST">
      <class name="Test.day1">
        <test-method status="PASS" signature="tearDown()[pri:0, instance:Test.day1@131a74c]" name="tearDown" is-config="true" duration-ms="1" started-at="2020-05-11T23:36:23 IST" finished-at="2020-05-11T23:36:23 IST">
          <reporter-output>
          </reporter-output>
        </test-method> <!-- tearDown -->
      </class> <!-- Test.day1 -->
      <class name="Test.day3">
        <test-method status="PASS" signature="setUp()[pri:0, instance:Test.day3@29daf3]" name="setUp" is-config="true" duration-ms="18" started-at="2020-05-11T23:36:22 IST" finished-at="2020-05-11T23:36:23 IST">
          <reporter-output>
          </reporter-output>
        </test-method> <!-- setUp -->
        <test-method status="PASS" signature="MobileLoginCarLoan()[pri:0, instance:Test.day3@29daf3]" name="MobileLoginCarLoan" duration-ms="16" started-at="2020-05-11T23:36:23 IST" finished-at="2020-05-11T23:36:23 IST">
          <reporter-output>
          </reporter-output>
        </test-method> <!-- MobileLoginCarLoan -->
        <test-method status="PASS" signature="MobileSignInCarLoan(java.lang.String, java.lang.String)[pri:0, instance:Test.day3@29daf3]" name="MobileSignInCarLoan" duration-ms="2" started-at="2020-05-11T23:36:23 IST" finished-at="2020-05-11T23:36:23 IST">
          <params>
            <param index="0">
              <value>
                <![CDATA[carLoan]]>
              </value>
            </param>
            <param index="1">
              <value>
                <![CDATA[123456]]>
              </value>
            </param>
          </params>
          <reporter-output>
          </reporter-output>
        </test-method> <!-- MobileSignInCarLoan -->
        <test-method status="PASS" signature="MobileSignOutCarLoan(java.lang.String, java.lang.String)[pri:0, instance:Test.day3@29daf3]" name="MobileSignOutCarLoan" duration-ms="1" started-at="2020-05-11T23:36:23 IST" data-provider="getData" finished-at="2020-05-11T23:36:23 IST">
          <params>
            <param index="0">
              <value>
                <![CDATA[firstsetusername]]>
              </value>
            </param>
            <param index="1">
              <value>
                <![CDATA[firstpassword]]>
              </value>
            </param>
          </params>
          <reporter-output>
          </reporter-output>
        </test-method> <!-- MobileSignOutCarLoan -->
        <test-method status="PASS" signature="MobileSignOutCarLoan(java.lang.String, java.lang.String)[pri:0, instance:Test.day3@29daf3]" name="MobileSignOutCarLoan" duration-ms="2" started-at="2020-05-11T23:36:23 IST" data-provider="getData" finished-at="2020-05-11T23:36:23 IST">
          <params>
            <param index="0">
              <value>
                <![CDATA[secondusername]]>
              </value>
            </param>
            <param index="1">
              <value>
                <![CDATA[secondpassword]]>
              </value>
            </param>
          </params>
          <reporter-output>
          </reporter-output>
        </test-method> <!-- MobileSignOutCarLoan -->
        <test-method status="PASS" signature="MobileSignOutCarLoan(java.lang.String, java.lang.String)[pri:0, instance:Test.day3@29daf3]" name="MobileSignOutCarLoan" duration-ms="2" started-at="2020-05-11T23:36:23 IST" data-provider="getData" finished-at="2020-05-11T23:36:23 IST">
          <params>
            <param index="0">
              <value>
                <![CDATA[thirdusername]]>
              </value>
            </param>
            <param index="1">
              <value>
                <![CDATA[thirdpassword]]>
              </value>
            </param>
          </params>
          <reporter-output>
          </reporter-output>
        </test-method> <!-- MobileSignOutCarLoan -->
      </class> <!-- Test.day3 -->
    </test> <!-- Car Loan -->
    <test name="Personal Loan" duration-ms="151" started-at="2020-05-11T23:36:23 IST" finished-at="2020-05-11T23:36:23 IST">
      <class name="Test.day1">
        <test-method status="PASS" signature="demo()[pri:0, instance:Test.day1@131a74c]" name="demo" duration-ms="11" started-at="2020-05-11T23:36:23 IST" finished-at="2020-05-11T23:36:23 IST">
          <reporter-output>
          </reporter-output>
        </test-method> <!-- demo -->
        <test-method status="PASS" signature="aaaSecondTest()[pri:0, instance:Test.day1@131a74c]" name="aaaSecondTest" is-config="true" duration-ms="5" started-at="2020-05-11T23:36:23 IST" finished-at="2020-05-11T23:36:23 IST">
          <reporter-output>
          </reporter-output>
        </test-method> <!-- aaaSecondTest -->
      </class> <!-- Test.day1 -->
      <class name="Test.day2">
        <test-method status="PASS" signature="aaaprerequisite()[pri:0, instance:Test.day2@14523f8]" name="aaaprerequisite" is-config="true" duration-ms="1" started-at="2020-05-11T23:36:23 IST" finished-at="2020-05-11T23:36:23 IST">
          <reporter-output>
          </reporter-output>
        </test-method> <!-- aaaprerequisite -->
        <test-method status="PASS" signature="d1()[pri:0, instance:Test.day2@14523f8]" name="d1" is-config="true" duration-ms="1" started-at="2020-05-11T23:36:23 IST" finished-at="2020-05-11T23:36:23 IST">
          <reporter-output>
          </reporter-output>
        </test-method> <!-- d1 -->
        <test-method status="PASS" signature="Ddemo()[pri:0, instance:Test.day2@14523f8]" name="Ddemo" duration-ms="3" started-at="2020-05-11T23:36:23 IST" finished-at="2020-05-11T23:36:23 IST">
          <reporter-output>
          </reporter-output>
        </test-method> <!-- Ddemo -->
        <test-method status="PASS" signature="d1()[pri:0, instance:Test.day2@14523f8]" name="d1" is-config="true" duration-ms="1" started-at="2020-05-11T23:36:23 IST" finished-at="2020-05-11T23:36:23 IST">
          <reporter-output>
          </reporter-output>
        </test-method> <!-- d1 -->
        <test-method status="PASS" signature="d2()[pri:0, instance:Test.day2@14523f8]" name="d2" is-config="true" duration-ms="0" started-at="2020-05-11T23:36:23 IST" finished-at="2020-05-11T23:36:23 IST">
          <reporter-output>
          </reporter-output>
        </test-method> <!-- d2 -->
        <test-method status="PASS" signature="day2()[pri:0, instance:Test.day2@14523f8]" name="day2" duration-ms="1" started-at="2020-05-11T23:36:23 IST" finished-at="2020-05-11T23:36:23 IST">
          <reporter-output>
          </reporter-output>
        </test-method> <!-- day2 -->
        <test-method status="PASS" signature="d2()[pri:0, instance:Test.day2@14523f8]" name="d2" is-config="true" duration-ms="0" started-at="2020-05-11T23:36:23 IST" finished-at="2020-05-11T23:36:23 IST">
          <reporter-output>
          </reporter-output>
        </test-method> <!-- d2 -->
      </class> <!-- Test.day2 -->
      <class name="Test.day4">
        <test-method status="PASS" signature="beforeClass()[pri:0, instance:Test.day4@9f73a2]" name="beforeClass" is-config="true" duration-ms="1" started-at="2020-05-11T23:36:23 IST" finished-at="2020-05-11T23:36:23 IST">
          <reporter-output>
          </reporter-output>
        </test-method> <!-- beforeClass -->
        <test-method status="PASS" signature="LoginAPIHomeLoan()[pri:0, instance:Test.day4@9f73a2]" name="LoginAPIHomeLoan" duration-ms="2" started-at="2020-05-11T23:36:23 IST" finished-at="2020-05-11T23:36:23 IST">
          <reporter-output>
          </reporter-output>
        </test-method> <!-- LoginAPIHomeLoan -->
        <test-method status="PASS" signature="MobileLoginHomeLoan()[pri:0, instance:Test.day4@9f73a2]" name="MobileLoginHomeLoan" duration-ms="21" started-at="2020-05-11T23:36:23 IST" finished-at="2020-05-11T23:36:23 IST">
          <reporter-output>
          </reporter-output>
        </test-method> <!-- MobileLoginHomeLoan -->
        <test-method status="PASS" signature="WebLoginHomeLoan()[pri:0, instance:Test.day4@9f73a2]" name="WebLoginHomeLoan" duration-ms="7" started-at="2020-05-11T23:36:23 IST" finished-at="2020-05-11T23:36:23 IST">
          <reporter-output>
          </reporter-output>
        </test-method> <!-- WebLoginHomeLoan -->
        <test-method status="PASS" signature="afterClass()[pri:0, instance:Test.day4@9f73a2]" name="afterClass" is-config="true" duration-ms="1" started-at="2020-05-11T23:36:23 IST" finished-at="2020-05-11T23:36:23 IST">
          <reporter-output>
          </reporter-output>
        </test-method> <!-- afterClass -->
      </class> <!-- Test.day4 -->
    </test> <!-- Personal Loan -->
  </suite> <!-- Suite -->
</testng-results>
