<?xml version="1.0" encoding="UTF-8"?>
<!-- Generated by org.testng.reporters.JUnitXMLReporter -->
<testsuite hostname="amrut-PC" ignored="0" name="Personal Loan" tests="4" failures="0" timestamp="2020-05-07T15:23:17 IST" time="0.317" errors="0">
  <testcase name="day2" time="0.02" classname="Test.day2"/>
  <testcase name="demo1" time="0.005" classname="Test1.practice_1"/>
  <testcase name="demo2" time="0.005" classname="Test1.practice_1"/>
  <testcase name="demo" time="0.004" classname="Test.day1"/>
</testsuite> <!-- Personal Loan -->
