<?xml version="1.0" encoding="UTF-8"?>
<!-- Generated by org.testng.reporters.JUnitXMLReporter -->
<testsuite hostname="amrut-PC" ignored="0" name="Car Loan" tests="5" failures="0" timestamp="2020-05-11T23:36:23 IST" time="0.183" errors="0">
  <testcase name="MobileLoginCarLoan" time="0.016" classname="Test.day3"/>
  <testcase name="MobileSignInCarLoan" time="0.002" classname="Test.day3"/>
  <testcase name="MobileSignOutCarLoan" time="0.001" classname="Test.day3"/>
  <testcase name="MobileSignOutCarLoan" time="0.002" classname="Test.day3"/>
  <testcase name="MobileSignOutCarLoan" time="0.002" classname="Test.day3"/>
</testsuite> <!-- Car Loan -->
