<?xml version="1.0" encoding="UTF-8"?>
<!-- Generated by org.testng.reporters.JUnitXMLReporter -->
<testsuite hostname="amrut-PC" ignored="0" name="Personal Loan" tests="6" failures="0" timestamp="2020-05-11T23:36:23 IST" time="0.151" errors="0">
  <testcase name="demo" time="0.011" classname="Test.day1"/>
  <testcase name="Ddemo" time="0.003" classname="Test.day2"/>
  <testcase name="day2" time="0.001" classname="Test.day2"/>
  <testcase name="LoginAPIHomeLoan" time="0.002" classname="Test.day4"/>
  <testcase name="MobileLoginHomeLoan" time="0.021" classname="Test.day4"/>
  <testcase name="WebLoginHomeLoan" time="0.007" classname="Test.day4"/>
</testsuite> <!-- Personal Loan -->
