<?xml version="1.0" encoding="UTF-8"?>
<!-- Generated by org.testng.reporters.JUnitXMLReporter -->
<testsuite hostname="amrut-PC" ignored="0" name="Regression" tests="4" failures="0" timestamp="2020-05-07T19:44:09 IST" time="0.098" errors="0">
  <testcase name="ADemo" time="0.015" classname="Test.day5"/>
  <testcase name="EDemo" time="0.002" classname="Test.day5"/>
  <testcase name="IDemo" time="0.005" classname="Test.day5"/>
  <testcase name="ODemo" time="0.004" classname="Test.day5"/>
</testsuite> <!-- Regression -->
